<?xml version="1.0" encoding="UTF-8"?>
<testsuite name="com.learnreactiveprogramming.service.FluxAndMonoGeneratorServiceTest" tests="1" skipped="0" failures="0" errors="0" timestamp="2023-11-18T20:22:10" hostname="MacBook-Pro.attlocal.net" time="0.064">
  <properties/>
  <testcase name="namesFluxTransformation_noArgument_shouldReturnExpected()" classname="com.learnreactiveprogramming.service.FluxAndMonoGeneratorServiceTest" time="0.064"/>
  <system-out><![CDATA[15:22:10.367 [Test worker] DEBUG reactor.util.Loggers$LoggerFactory - Using Slf4j logging framework
15:22:10.376 [Test worker] INFO reactor.Flux.MapFuseable.1 - | onSubscribe([Fuseable] FluxMapFuseable.MapFuseableSubscriber)
15:22:10.378 [Test worker] INFO reactor.Flux.MapFuseable.1 - | request(unbounded)
15:22:10.378 [Test worker] INFO reactor.Flux.MapFuseable.1 - | onNext(ALEX)
15:22:10.378 [Test worker] INFO reactor.Flux.MapFuseable.1 - | onNext(BEN)
15:22:10.378 [Test worker] INFO reactor.Flux.MapFuseable.1 - | onNext(CHLOE)
15:22:10.378 [Test worker] INFO reactor.Flux.MapFuseable.1 - | onComplete()
]]></system-out>
  <system-err><![CDATA[]]></system-err>
</testsuite>
